2025-04-03 22:11:23.439 | INFO     | common.logger:setup_logger:43 - Logger setup complete.
2025-04-03 22:13:10.563 | INFO     | common.logger:setup_logger:43 - Logger setup complete.
2025-04-03 22:13:10.566 | INFO     | core.api_client:__init__:16 - API Client initialized with base URL: https://reqres.in/api
2025-04-03 22:13:10.572 | INFO     | api_tests.test_users:test_list_users_page_2:21 - Starting test: test_list_users_page_2
2025-04-03 22:13:11.294 | INFO     | api_tests.test_users:test_get_single_user_found:73 - Starting test: test_get_single_user_found
2025-04-03 22:13:12.918 | INFO     | api_tests.test_users:test_get_single_user_not_found:107 - Starting test: test_get_single_user_not_found
2025-04-03 22:15:01.016 | INFO     | common.logger:setup_logger:43 - Logger setup complete.
2025-04-03 22:15:01.019 | INFO     | core.api_client:__init__:16 - API Client initialized with base URL: https://reqres.in/api
2025-04-03 22:15:01.025 | INFO     | api_tests.test_users:test_list_users_page_2:21 - Starting test: test_list_users_page_2
2025-04-03 22:15:01.379 | INFO     | api_tests.test_users:test_list_users_page_2:31 - Asserting status code: expected=200, actual=200
2025-04-03 22:15:01.381 | INFO     | api_tests.test_users:test_list_users_page_2:39 - Asserting response body structure
2025-04-03 22:15:01.381 | INFO     | api_tests.test_users:test_list_users_page_2:49 - Asserting specific values in response
2025-04-03 22:15:01.381 | INFO     | api_tests.test_users:test_list_users_page_2:62 - Test test_list_users_page_2 finished successfully.
2025-04-03 22:15:01.383 | INFO     | api_tests.test_users:test_get_single_user_found:73 - Starting test: test_get_single_user_found
2025-04-03 22:15:01.725 | INFO     | api_tests.test_users:test_get_single_user_found:80 - Asserting status code: expected=200, actual=200
2025-04-03 22:15:01.726 | INFO     | api_tests.test_users:test_get_single_user_found:87 - Asserting response body structure and user ID
2025-04-03 22:15:01.727 | INFO     | api_tests.test_users:test_get_single_user_found:96 - Test test_get_single_user_found finished successfully.
2025-04-03 22:15:01.729 | INFO     | api_tests.test_users:test_get_single_user_not_found:107 - Starting test: test_get_single_user_not_found
2025-04-03 22:15:02.096 | INFO     | api_tests.test_users:test_get_single_user_not_found:114 - Asserting status code: expected=404, actual=404
2025-04-03 22:15:02.097 | INFO     | api_tests.test_users:test_get_single_user_not_found:119 - Asserting response body is empty
2025-04-03 22:15:02.097 | INFO     | api_tests.test_users:test_get_single_user_not_found:128 - Test test_get_single_user_not_found finished successfully.
2025-04-03 22:21:18.050 | INFO     | common.logger:setup_logger:43 - Logger setup complete.
2025-04-03 22:21:18.054 | INFO     | core.api_client:__init__:16 - API Client initialized with base URL: https://reqres.in/api
2025-04-03 22:21:18.064 | INFO     | api_tests.test_users:test_list_users_page_2:21 - Starting test: test_list_users_page_2
2025-04-03 22:21:18.488 | INFO     | api_tests.test_users:test_list_users_page_2:31 - Asserting status code: expected=200, actual=200
2025-04-03 22:21:18.489 | INFO     | api_tests.test_users:test_list_users_page_2:39 - Asserting response body structure
2025-04-03 22:21:18.490 | INFO     | api_tests.test_users:test_list_users_page_2:49 - Asserting specific values in response
2025-04-03 22:21:18.490 | INFO     | api_tests.test_users:test_list_users_page_2:62 - Test test_list_users_page_2 finished successfully.
2025-04-03 22:21:18.495 | INFO     | api_tests.test_users:test_get_single_user_found:73 - Starting test: test_get_single_user_found
2025-04-03 22:21:18.893 | INFO     | api_tests.test_users:test_get_single_user_found:80 - Asserting status code: expected=200, actual=200
2025-04-03 22:21:18.893 | INFO     | api_tests.test_users:test_get_single_user_found:87 - Asserting response body structure and user ID
2025-04-03 22:21:18.893 | INFO     | api_tests.test_users:test_get_single_user_found:96 - Test test_get_single_user_found finished successfully.
2025-04-03 22:21:18.900 | INFO     | api_tests.test_users:test_get_single_user_not_found:107 - Starting test: test_get_single_user_not_found
2025-04-03 22:21:19.654 | INFO     | api_tests.test_users:test_get_single_user_not_found:114 - Asserting status code: expected=404, actual=404
2025-04-03 22:21:19.655 | INFO     | api_tests.test_users:test_get_single_user_not_found:119 - Asserting response body is empty
2025-04-03 22:21:19.655 | INFO     | api_tests.test_users:test_get_single_user_not_found:128 - Test test_get_single_user_not_found finished successfully.
